<?xml version="1.0" encoding="UTF-8"?>
<!-- Generated by org.testng.reporters.JUnitReportReporter -->
<testsuite skipped="0" hostname="Prem-PC" name="com.leafBot.testcases.TC001_LoginLogout" tests="2" failures="0" timestamp="08 Sep 2019 10:24:00 GMT" time="29.546" errors="0">
  <testcase name="runTC001" time="11.060" classname="com.leafBot.testcases.TC001_LoginLogout"/>
  <testcase name="runTC001" time="18.486" classname="com.leafBot.testcases.TC001_LoginLogout"/>
</testsuite> <!-- com.leafBot.testcases.TC001_LoginLogout -->
